<?xml version="1.0" encoding="UTF-8"?>
<!-- Generated by org.testng.reporters.JUnitReportReporter -->
<testsuite skipped="0" hostname="DESKTOP-10UP6TI" name="DataproviderDemo" tests="3" failures="0" timestamp="2020-01-08T18:12:40 IST" time="0.016" errors="0">
  <testcase name="createUser" time="0.000" classname="DataproviderDemo"/>
  <testcase name="createUser" time="0.016" classname="DataproviderDemo"/>
  <testcase name="createUser" time="0.000" classname="DataproviderDemo"/>
</testsuite> <!-- DataproviderDemo -->
