<?xml version="1.0" encoding="UTF-8"?>
<!-- Generated by org.testng.reporters.JUnitReportReporter -->
<testsuite skipped="0" hostname="DESKTOP-10UP6TI" name="BlueStoneTestNGRing" tests="1" failures="0" timestamp="2020-01-08T20:21:20 IST" time="21.019" errors="0">
  <testcase name="demo" time="21.019" classname="BlueStoneTestNGRing"/>
</testsuite> <!-- BlueStoneTestNGRing -->
