<?xml version="1.0" encoding="UTF-8"?>
<!-- Generated by org.testng.reporters.JUnitReportReporter -->
<testsuite skipped="0" hostname="DESKTOP-10UP6TI" name="BlueStoneMetalcount" tests="1" failures="0" timestamp="2020-01-08T21:00:22 IST" time="34.279" errors="0">
  <testcase name="demo" time="34.279" classname="BlueStoneMetalcount"/>
</testsuite> <!-- BlueStoneMetalcount -->
