<?xml version="1.0" encoding="UTF-8"?>
<!-- Generated by org.testng.reporters.JUnitReportReporter -->
<testsuite skipped="0" hostname="DESKTOP-10UP6TI" name="DataProviderGmail" tests="3" failures="0" timestamp="2020-01-09T15:28:23 IST" time="64.990" errors="0">
  <testcase name="createUser" time="12.917" classname="DataProviderGmail"/>
  <testcase name="createUser" time="39.557" classname="DataProviderGmail"/>
  <testcase name="createUser" time="12.516" classname="DataProviderGmail"/>
</testsuite> <!-- DataProviderGmail -->
