<?xml version="1.0" encoding="UTF-8"?>
<!-- Generated by org.testng.reporters.JUnitReportReporter -->
<testsuite skipped="0" hostname="DESKTOP-10UP6TI" name="org.qsp.testng.TsetngGroups" tests="6" failures="0" timestamp="2020-01-08T12:52:31 IST" time="0.037" errors="0">
  <testcase name="demo1" time="0.008" classname="org.qsp.testng.TsetngGroups"/>
  <testcase name="demo3" time="0.002" classname="org.qsp.testng.TsetngGroups"/>
  <testcase name="demo4" time="0.003" classname="org.qsp.testng.TsetngGroups"/>
  <testcase name="demo2" time="0.019" classname="org.qsp.testng.TsetngGroups"/>
  <testcase name="demo5" time="0.003" classname="org.qsp.testng.TsetngGroups"/>
  <testcase name="demo" time="0.002" classname="org.qsp.testng.TsetngGroups"/>
</testsuite> <!-- org.qsp.testng.TsetngGroups -->
