<?xml version="1.0" encoding="UTF-8"?>
<!-- Generated by org.testng.reporters.JUnitReportReporter -->
<testsuite skipped="0" hostname="DESKTOP-10UP6TI" name="BlueStoneTestNgTop" tests="1" failures="0" timestamp="2020-01-08T22:26:44 IST" time="28.497" errors="0">
  <testcase name="demo" time="28.497" classname="BlueStoneTestNgTop"/>
</testsuite> <!-- BlueStoneTestNgTop -->
