<?xml version="1.0" encoding="UTF-8"?>
<!-- Generated by org.testng.reporters.JUnitReportReporter -->
<testsuite skipped="0" hostname="DESKTOP-10UP6TI" name="org.qsp.testng.DependsOnTesting" tests="4" failures="0" timestamp="2020-01-07T21:50:21 IST" time="0.024" errors="0">
  <testcase name="demo2" time="0.006" classname="org.qsp.testng.DependsOnTesting"/>
  <testcase name="demo1" time="0.013" classname="org.qsp.testng.DependsOnTesting"/>
  <testcase name="demo" time="0.004" classname="org.qsp.testng.DependsOnTesting"/>
  <testcase name="demo3" time="0.001" classname="org.qsp.testng.DependsOnTesting"/>
</testsuite> <!-- org.qsp.testng.DependsOnTesting -->
