<?xml version="1.0" encoding="UTF-8"?>
<!-- Generated by org.testng.reporters.JUnitReportReporter -->
<testsuite skipped="0" hostname="DESKTOP-10UP6TI" name="Vatra" tests="1" failures="0" timestamp="2020-01-08T22:46:27 IST" time="24.827" errors="0">
  <testcase name="demo" time="24.827" classname="Vatra"/>
</testsuite> <!-- Vatra -->
