<?xml version="1.0" encoding="UTF-8"?>
<!-- Generated by org.testng.reporters.JUnitReportReporter -->
<testsuite skipped="0" hostname="DESKTOP-10UP6TI" name="DataProviderReadExcel1" tests="3" failures="0" timestamp="2020-01-09T14:09:56 IST" time="0.047" errors="0">
  <testcase name="test" time="0.015" classname="DataProviderReadExcel1"/>
  <testcase name="test" time="0.016" classname="DataProviderReadExcel1"/>
  <testcase name="test" time="0.016" classname="DataProviderReadExcel1"/>
</testsuite> <!-- DataProviderReadExcel1 -->
