<?xml version="1.0" encoding="UTF-8"?>
<!-- Generated by org.testng.reporters.JUnitReportReporter -->
<testsuite skipped="0" hostname="DESKTOP-10UP6TI" name="TestngDemo" tests="1" failures="0" timestamp="2020-01-03T15:06:29 IST" time="5.741" errors="0">
  <testcase name="demo" time="5.741" classname="TestngDemo"/>
</testsuite> <!-- TestngDemo -->
