<?xml version="1.0" encoding="UTF-8"?>
<!-- Generated by org.testng.reporters.JUnitReportReporter -->
<testsuite skipped="0" hostname="DESKTOP-10UP6TI" name="BlueStoneNextDay" tests="1" failures="0" timestamp="2020-01-08T20:46:20 IST" time="25.517" errors="0">
  <testcase name="demo" time="25.517" classname="BlueStoneNextDay"/>
</testsuite> <!-- BlueStoneNextDay -->
