<?xml version="1.0" encoding="UTF-8"?>
<!-- Generated by org.testng.reporters.JUnitReportReporter -->
<testsuite skipped="0" hostname="DESKTOP-10UP6TI" name="AssertDemo" tests="1" failures="0" timestamp="2020-01-08T14:13:20 IST" time="0.018" errors="0">
  <testcase name="demo" time="0.018" classname="AssertDemo"/>
</testsuite> <!-- AssertDemo -->
