<?xml version="1.0" encoding="UTF-8"?>
<!-- Generated by org.testng.reporters.JUnitReportReporter -->
<testsuite skipped="0" hostname="DESKTOP-10UP6TI" name="BlusStoneGenderCount" tests="1" failures="0" timestamp="2020-01-08T21:11:01 IST" time="39.040" errors="0">
  <testcase name="demo" time="39.040" classname="BlusStoneGenderCount"/>
</testsuite> <!-- BlusStoneGenderCount -->
