<?xml version="1.0" encoding="UTF-8"?>
<!-- Generated by org.testng.reporters.JUnitReportReporter -->
<testsuite skipped="0" hostname="DESKTOP-10UP6TI" name="DataProvider" tests="3" failures="0" timestamp="2020-01-08T15:32:11 IST" time="0.016" errors="0">
  <testcase name="createUser" time="0.000" classname="DataProvider"/>
  <testcase name="createUser" time="0.016" classname="DataProvider"/>
  <testcase name="createUser" time="0.000" classname="DataProvider"/>
</testsuite> <!-- DataProvider -->
