<?xml version="1.0" encoding="UTF-8"?>
<!-- Generated by org.testng.reporters.JUnitReportReporter -->
<testsuite skipped="0" hostname="DESKTOP-10UP6TI" name="SliderTestNg" tests="1" failures="0" timestamp="2020-01-08T23:28:49 IST" time="25.116" errors="0">
  <testcase name="demo" time="25.116" classname="SliderTestNg"/>
</testsuite> <!-- SliderTestNg -->
