<?xml version="1.0" encoding="UTF-8"?>
<!-- Generated by org.testng.reporters.JUnitReportReporter -->
<testsuite skipped="0" hostname="DESKTOP-10UP6TI" name="BlueStoneTestng" tests="1" failures="0" timestamp="2020-01-03T15:27:00 IST" time="27.297" errors="0">
  <testcase name="demo" time="27.297" classname="BlueStoneTestng"/>
</testsuite> <!-- BlueStoneTestng -->
